# JRE version: OpenJDK Runtime Environment Temurin-21.0.10+7 (21.0.10+7) (build 21.0.10+7-LTS)
# Java VM: OpenJDK 64-Bit Server VM Temurin-21.0.10+7 (21.0.10+7-LTS, mixed mode, sharing, tiered, compressed oops, compressed class ptrs, parallel gc, windows-amd64)
GC Precious Log:
 CardTable entry size: 512
 CPUs: 12 total, 12 available
 Memory: 7581M
 Large Page Support: Disabled
 NUMA Support: Disabled
 Compressed Oops: Enabled (32-bit)
 Alignments: Space 512K, Generation 512K, Heap 2M
 Heap Min Capacity: 100M
 Heap Initial Capacity: 100M
 Heap Max Capacity: 2G
 Pre-touch: Disabled
 Parallel Workers: 10
Heap:
 PSYoungGen      total 13312K, used 7104K [0x00000000d5580000, 0x00000000d6400000, 0x0000000100000000)
  eden space 11776K, 51% used [0x00000000d5580000,0x00000000d5b683d0,0x00000000d6100000)
  from space 1536K, 68% used [0x00000000d6280000,0x00000000d6388000,0x00000000d6400000)
  to   space 1536K, 0% used [0x00000000d6100000,0x00000000d6100000,0x00000000d6280000)
 ParOldGen       total 68608K, used 60350K [0x0000000080000000, 0x0000000084300000, 0x00000000d5580000)
  object space 68608K, 87% used [0x0000000080000000,0x0000000083aefa38,0x0000000084300000)
 Metaspace       used 64836K, committed 66304K, reserved 1114112K
  class space    used 7695K, committed 8384K, reserved 1048576K
GC Heap History (20 events):
Event: 109.448 GC heap before
{Heap before GC invocations=42 (full 3):
 PSYoungGen      total 13312K, used 12992K [0x00000000d5580000, 0x00000000d6580000, 0x0000000100000000)
  eden space 11776K, 100% used [0x00000000d5580000,0x00000000d6100000,0x00000000d6100000)
  from space 1536K, 79% used [0x00000000d6400000,0x00000000d6530010,0x00000000d6580000)
  to   space 1536K, 0% used [0x00000000d6100000,0x00000000d6100000,0x00000000d6280000)
 ParOldGen       total 68608K, used 49260K [0x0000000080000000, 0x0000000084300000, 0x00000000d5580000)
  object space 68608K, 71% used [0x0000000080000000,0x000000008301b2e8,0x0000000084300000)
 Metaspace       used 63831K, committed 65344K, reserved 1114112K
  class space    used 7589K, committed 8320K, reserved 1048576K
}
Event: 109.450 GC heap after
{Heap after GC invocations=42 (full 3):
 PSYoungGen      total 13312K, used 1506K [0x00000000d5580000, 0x00000000d6500000, 0x0000000100000000)
  eden space 11776K, 0% used [0x00000000d5580000,0x00000000d5580000,0x00000000d6100000)
  from space 1536K, 98% used [0x00000000d6100000,0x00000000d6278810,0x00000000d6280000)
  to   space 2048K, 0% used [0x00000000d6300000,0x00000000d6300000,0x00000000d6500000)
 ParOldGen       total 68608K, used 50324K [0x0000000080000000, 0x0000000084300000, 0x00000000d5580000)
  object space 68608K, 73% used [0x0000000080000000,0x00000000831252f8,0x0000000084300000)
 Metaspace       used 63831K, committed 65344K, reserved 1114112K
  class space    used 7589K, committed 8320K, reserved 1048576K
}
Event: 109.487 GC heap before
{Heap before GC invocations=43 (full 3):
 PSYoungGen      total 13312K, used 13282K [0x00000000d5580000, 0x00000000d6500000, 0x0000000100000000)
  eden space 11776K, 100% used [0x00000000d5580000,0x00000000d6100000,0x00000000d6100000)
  from space 1536K, 98% used [0x00000000d6100000,0x00000000d6278810,0x00000000d6280000)
  to   space 2048K, 0% used [0x00000000d6300000,0x00000000d6300000,0x00000000d6500000)
 ParOldGen       total 68608K, used 50324K [0x0000000080000000, 0x0000000084300000, 0x00000000d5580000)
  object space 68608K, 73% used [0x0000000080000000,0x00000000831252f8,0x0000000084300000)
 Metaspace       used 63968K, committed 65472K, reserved 1114112K
  class space    used 7609K, committed 8320K, reserved 1048576K
}
Event: 109.490 GC heap after
{Heap after GC invocations=43 (full 3):
 PSYoungGen      total 13312K, used 1280K [0x00000000d5580000, 0x00000000d6480000, 0x0000000100000000)
  eden space 11776K, 0% used [0x00000000d5580000,0x00000000d5580000,0x00000000d6100000)
  from space 1536K, 83% used [0x00000000d6300000,0x00000000d6440010,0x00000000d6480000)
  to   space 1536K, 0% used [0x00000000d6100000,0x00000000d6100000,0x00000000d6280000)
 ParOldGen       total 68608K, used 51727K [0x0000000080000000, 0x0000000084300000, 0x00000000d5580000)
  object space 68608K, 75% used [0x0000000080000000,0x0000000083283d58,0x0000000084300000)
 Metaspace       used 63968K, committed 65472K, reserved 1114112K
  class space    used 7609K, committed 8320K, reserved 1048576K
}
Event: 109.518 GC heap before
{Heap before GC invocations=44 (full 3):
 PSYoungGen      total 13312K, used 13056K [0x00000000d5580000, 0x00000000d6480000, 0x0000000100000000)
  eden space 11776K, 100% used [0x00000000d5580000,0x00000000d6100000,0x00000000d6100000)
  from space 1536K, 83% used [0x00000000d6300000,0x00000000d6440010,0x00000000d6480000)
  to   space 1536K, 0% used [0x00000000d6100000,0x00000000d6100000,0x00000000d6280000)
 ParOldGen       total 68608K, used 51727K [0x0000000080000000, 0x0000000084300000, 0x00000000d5580000)
  object space 68608K, 75% used [0x0000000080000000,0x0000000083283d58,0x0000000084300000)
 Metaspace       used 63968K, committed 65472K, reserved 1114112K
  class space    used 7609K, committed 8320K, reserved 1048576K
}
Event: 109.520 GC heap after
{Heap after GC invocations=44 (full 3):
 PSYoungGen      total 13312K, used 1152K [0x00000000d5580000, 0x00000000d6400000, 0x0000000100000000)
  eden space 11776K, 0% used [0x00000000d5580000,0x00000000d5580000,0x00000000d6100000)
  from space 1536K, 75% used [0x00000000d6100000,0x00000000d6220000,0x00000000d6280000)
  to   space 1536K, 0% used [0x00000000d6280000,0x00000000d6280000,0x00000000d6400000)
 ParOldGen       total 68608K, used 52855K [0x0000000080000000, 0x0000000084300000, 0x00000000d5580000)
  object space 68608K, 77% used [0x0000000080000000,0x000000008339dd68,0x0000000084300000)
 Metaspace       used 63968K, committed 65472K, reserved 1114112K
  class space    used 7609K, committed 8320K, reserved 1048576K
}
Event: 109.558 GC heap before
{Heap before GC invocations=45 (full 3):
 PSYoungGen      total 13312K, used 12928K [0x00000000d5580000, 0x00000000d6400000, 0x0000000100000000)
  eden space 11776K, 100% used [0x00000000d5580000,0x00000000d6100000,0x00000000d6100000)
  from space 1536K, 75% used [0x00000000d6100000,0x00000000d6220000,0x00000000d6280000)
  to   space 1536K, 0% used [0x00000000d6280000,0x00000000d6280000,0x00000000d6400000)
 ParOldGen       total 68608K, used 52855K [0x0000000080000000, 0x0000000084300000, 0x00000000d5580000)
  object space 68608K, 77% used [0x0000000080000000,0x000000008339dd68,0x0000000084300000)
 Metaspace       used 63987K, committed 65472K, reserved 1114112K
  class space    used 7609K, committed 8320K, reserved 1048576K
}
Event: 109.562 GC heap after
{Heap after GC invocations=45 (full 3):
 PSYoungGen      total 13312K, used 1376K [0x00000000d5580000, 0x00000000d6400000, 0x0000000100000000)
  eden space 11776K, 0% used [0x00000000d5580000,0x00000000d5580000,0x00000000d6100000)
  from space 1536K, 89% used [0x00000000d6280000,0x00000000d63d8000,0x00000000d6400000)
  to   space 1536K, 0% used [0x00000000d6100000,0x00000000d6100000,0x00000000d6280000)
 ParOldGen       total 68608K, used 53887K [0x0000000080000000, 0x0000000084300000, 0x00000000d5580000)
  object space 68608K, 78% used [0x0000000080000000,0x000000008349fd68,0x0000000084300000)
 Metaspace       used 63987K, committed 65472K, reserved 1114112K
  class space    used 7609K, committed 8320K, reserved 1048576K
}
Event: 109.609 GC heap before
{Heap before GC invocations=46 (full 3):
 PSYoungGen      total 13312K, used 13152K [0x00000000d5580000, 0x00000000d6400000, 0x0000000100000000)
  eden space 11776K, 100% used [0x00000000d5580000,0x00000000d6100000,0x00000000d6100000)
  from space 1536K, 89% used [0x00000000d6280000,0x00000000d63d8000,0x00000000d6400000)
  to   space 1536K, 0% used [0x00000000d6100000,0x00000000d6100000,0x00000000d6280000)
 ParOldGen       total 68608K, used 53887K [0x0000000080000000, 0x0000000084300000, 0x00000000d5580000)
  object space 68608K, 78% used [0x0000000080000000,0x000000008349fd68,0x0000000084300000)
 Metaspace       used 64034K, committed 65536K, reserved 1114112K
  class space    used 7618K, committed 8320K, reserved 1048576K
}
Event: 109.614 GC heap after
{Heap after GC invocations=46 (full 3):
 PSYoungGen      total 13312K, used 1316K [0x00000000d5580000, 0x00000000d6400000, 0x0000000100000000)
  eden space 11776K, 0% used [0x00000000d5580000,0x00000000d5580000,0x00000000d6100000)
  from space 1536K, 85% used [0x00000000d6100000,0x00000000d6249000,0x00000000d6280000)
  to   space 1536K, 0% used [0x00000000d6280000,0x00000000d6280000,0x00000000d6400000)
 ParOldGen       total 68608K, used 55061K [0x0000000080000000, 0x0000000084300000, 0x00000000d5580000)
  object space 68608K, 80% used [0x0000000080000000,0x00000000835c5718,0x0000000084300000)
 Metaspace       used 64034K, committed 65536K, reserved 1114112K
  class space    used 7618K, committed 8320K, reserved 1048576K
}
Event: 109.656 GC heap before
{Heap before GC invocations=47 (full 3):
 PSYoungGen      total 13312K, used 13091K [0x00000000d5580000, 0x00000000d6400000, 0x0000000100000000)
  eden space 11776K, 99% used [0x00000000d5580000,0x00000000d60fffe8,0x00000000d6100000)
  from space 1536K, 85% used [0x00000000d6100000,0x00000000d6249000,0x00000000d6280000)
  to   space 1536K, 0% used [0x00000000d6280000,0x00000000d6280000,0x00000000d6400000)
 ParOldGen       total 68608K, used 55061K [0x0000000080000000, 0x0000000084300000, 0x00000000d5580000)
  object space 68608K, 80% used [0x0000000080000000,0x00000000835c5718,0x0000000084300000)
 Metaspace       used 64039K, committed 65536K, reserved 1114112K
  class space    used 7619K, committed 8320K, reserved 1048576K
}
Event: 109.660 GC heap after
{Heap after GC invocations=47 (full 3):
 PSYoungGen      total 13312K, used 1120K [0x00000000d5580000, 0x00000000d6400000, 0x0000000100000000)
  eden space 11776K, 0% used [0x00000000d5580000,0x00000000d5580000,0x00000000d6100000)
  from space 1536K, 72% used [0x00000000d6280000,0x00000000d6398000,0x00000000d6400000)
  to   space 1536K, 0% used [0x00000000d6100000,0x00000000d6100000,0x00000000d6280000)
 ParOldGen       total 68608K, used 56214K [0x0000000080000000, 0x0000000084300000, 0x00000000d5580000)
  object space 68608K, 81% used [0x0000000080000000,0x00000000836e5818,0x0000000084300000)
 Metaspace       used 64039K, committed 65536K, reserved 1114112K
  class space    used 7619K, committed 8320K, reserved 1048576K
}
Event: 109.742 GC heap before
{Heap before GC invocations=48 (full 3):
 PSYoungGen      total 13312K, used 12896K [0x00000000d5580000, 0x00000000d6400000, 0x0000000100000000)
  eden space 11776K, 100% used [0x00000000d5580000,0x00000000d6100000,0x00000000d6100000)
  from space 1536K, 72% used [0x00000000d6280000,0x00000000d6398000,0x00000000d6400000)
  to   space 1536K, 0% used [0x00000000d6100000,0x00000000d6100000,0x00000000d6280000)
 ParOldGen       total 68608K, used 56214K [0x0000000080000000, 0x0000000084300000, 0x00000000d5580000)
  object space 68608K, 81% used [0x0000000080000000,0x00000000836e5818,0x0000000084300000)
 Metaspace       used 64235K, committed 65728K, reserved 1114112K
  class space    used 7635K, committed 8320K, reserved 1048576K
}
Event: 109.746 GC heap after
{Heap after GC invocations=48 (full 3):
 PSYoungGen      total 13312K, used 1408K [0x00000000d5580000, 0x00000000d6400000, 0x0000000100000000)
  eden space 11776K, 0% used [0x00000000d5580000,0x00000000d5580000,0x00000000d6100000)
  from space 1536K, 91% used [0x00000000d6100000,0x00000000d6260010,0x00000000d6280000)
  to   space 1536K, 0% used [0x00000000d6280000,0x00000000d6280000,0x00000000d6400000)
 ParOldGen       total 68608K, used 57190K [0x0000000080000000, 0x0000000084300000, 0x00000000d5580000)
  object space 68608K, 83% used [0x0000000080000000,0x00000000837d9818,0x0000000084300000)
 Metaspace       used 64235K, committed 65728K, reserved 1114112K
  class space    used 7635K, committed 8320K, reserved 1048576K
}
Event: 109.860 GC heap before
{Heap before GC invocations=49 (full 3):
 PSYoungGen      total 13312K, used 13184K [0x00000000d5580000, 0x00000000d6400000, 0x0000000100000000)
  eden space 11776K, 100% used [0x00000000d5580000,0x00000000d6100000,0x00000000d6100000)
  from space 1536K, 91% used [0x00000000d6100000,0x00000000d6260010,0x00000000d6280000)
  to   space 1536K, 0% used [0x00000000d6280000,0x00000000d6280000,0x00000000d6400000)
 ParOldGen       total 68608K, used 57190K [0x0000000080000000, 0x0000000084300000, 0x00000000d5580000)
  object space 68608K, 83% used [0x0000000080000000,0x00000000837d9818,0x0000000084300000)
 Metaspace       used 64381K, committed 65920K, reserved 1114112K
  class space    used 7652K, committed 8384K, reserved 1048576K
}
Event: 109.864 GC heap after
{Heap after GC invocations=49 (full 3):
 PSYoungGen      total 13312K, used 1056K [0x00000000d5580000, 0x00000000d6400000, 0x0000000100000000)
  eden space 11776K, 0% used [0x00000000d5580000,0x00000000d5580000,0x00000000d6100000)
  from space 1536K, 68% used [0x00000000d6280000,0x00000000d6388000,0x00000000d6400000)
  to   space 1536K, 0% used [0x00000000d6100000,0x00000000d6100000,0x00000000d6280000)
 ParOldGen       total 68608K, used 58438K [0x0000000080000000, 0x0000000084300000, 0x00000000d5580000)
  object space 68608K, 85% used [0x0000000080000000,0x0000000083911828,0x0000000084300000)
 Metaspace       used 64381K, committed 65920K, reserved 1114112K
  class space    used 7652K, committed 8384K, reserved 1048576K
}
Event: 109.925 GC heap before
{Heap before GC invocations=50 (full 3):
 PSYoungGen      total 13312K, used 12832K [0x00000000d5580000, 0x00000000d6400000, 0x0000000100000000)
  eden space 11776K, 100% used [0x00000000d5580000,0x00000000d6100000,0x00000000d6100000)
  from space 1536K, 68% used [0x00000000d6280000,0x00000000d6388000,0x00000000d6400000)
  to   space 1536K, 0% used [0x00000000d6100000,0x00000000d6100000,0x00000000d6280000)
 ParOldGen       total 68608K, used 58438K [0x0000000080000000, 0x0000000084300000, 0x00000000d5580000)
  object space 68608K, 85% used [0x0000000080000000,0x0000000083911828,0x0000000084300000)
 Metaspace       used 64391K, committed 65920K, reserved 1114112K
  class space    used 7652K, committed 8384K, reserved 1048576K
}
Event: 109.930 GC heap after
{Heap after GC invocations=50 (full 3):
 PSYoungGen      total 13312K, used 1176K [0x00000000d5580000, 0x00000000d6400000, 0x0000000100000000)
  eden space 11776K, 0% used [0x00000000d5580000,0x00000000d5580000,0x00000000d6100000)
  from space 1536K, 76% used [0x00000000d6100000,0x00000000d6226200,0x00000000d6280000)
  to   space 1536K, 0% used [0x00000000d6280000,0x00000000d6280000,0x00000000d6400000)
 ParOldGen       total 68608K, used 59334K [0x0000000080000000, 0x0000000084300000, 0x00000000d5580000)
  object space 68608K, 86% used [0x0000000080000000,0x00000000839f1838,0x0000000084300000)
 Metaspace       used 64391K, committed 65920K, reserved 1114112K
  class space    used 7652K, committed 8384K, reserved 1048576K
}
Event: 109.990 GC heap before
{Heap before GC invocations=51 (full 3):
 PSYoungGen      total 13312K, used 12952K [0x00000000d5580000, 0x00000000d6400000, 0x0000000100000000)
  eden space 11776K, 100% used [0x00000000d5580000,0x00000000d6100000,0x00000000d6100000)
  from space 1536K, 76% used [0x00000000d6100000,0x00000000d6226200,0x00000000d6280000)
  to   space 1536K, 0% used [0x00000000d6280000,0x00000000d6280000,0x00000000d6400000)
 ParOldGen       total 68608K, used 59334K [0x0000000080000000, 0x0000000084300000, 0x00000000d5580000)
  object space 68608K, 86% used [0x0000000080000000,0x00000000839f1838,0x0000000084300000)
 Metaspace       used 64398K, committed 65984K, reserved 1114112K
  class space    used 7652K, committed 8384K, reserved 1048576K
}
Event: 109.992 GC heap after
{Heap after GC invocations=51 (full 3):
 PSYoungGen      total 13312K, used 1056K [0x00000000d5580000, 0x00000000d6400000, 0x0000000100000000)
  eden space 11776K, 0% used [0x00000000d5580000,0x00000000d5580000,0x00000000d6100000)
  from space 1536K, 68% used [0x00000000d6280000,0x00000000d6388000,0x00000000d6400000)
  to   space 1536K, 0% used [0x00000000d6100000,0x00000000d6100000,0x00000000d6280000)
 ParOldGen       total 68608K, used 60350K [0x0000000080000000, 0x0000000084300000, 0x00000000d5580000)
  object space 68608K, 87% used [0x0000000080000000,0x0000000083aefa38,0x0000000084300000)
 Metaspace       used 64398K, committed 65984K, reserved 1114112K
  class space    used 7652K, committed 8384K, reserved 1048576K
}

