# JRE version: OpenJDK Runtime Environment Temurin-21.0.10+7 (21.0.10+7) (build 21.0.10+7-LTS)
# Java VM: OpenJDK 64-Bit Server VM Temurin-21.0.10+7 (21.0.10+7-LTS, mixed mode, sharing, tiered, compressed oops, compressed class ptrs, g1 gc, windows-amd64)
GC Precious Log:
 CardTable entry size: 512
 Card Set container configuration: InlinePtr #cards 5 size 8 Array Of Cards #cards 12 size 40 Howl #buckets 4 coarsen threshold 1843 Howl Bitmap #cards 512 size 80 coarsen threshold 460 Card regions per heap region 1 cards per card region 2048
 CPUs: 12 total, 12 available
 Memory: 7581M
 Large Page Support: Disabled
 NUMA Support: Disabled
 Compressed Oops: Enabled (32-bit)
 Heap Region Size: 1M
 Heap Min Capacity: 8M
 Heap Initial Capacity: 120M
 Heap Max Capacity: 2G
 Pre-touch: Disabled
 Parallel Workers: 10
 Concurrent Workers: 3
 Concurrent Refinement Workers: 10
 Periodic GC: Disabled
Heap:
 garbage-first heap   total 113664K, used 41736K [0x0000000080000000, 0x0000000100000000)
  region size 1024K, 8 young (8192K), 7 survivors (7168K)
 Metaspace       used 52324K, committed 54016K, reserved 491520K
  class space    used 7683K, committed 8512K, reserved 425984K
GC Heap History (20 events):
Event: 1.012 GC heap before
{Heap before GC invocations=0 (full 0):
 garbage-first heap   total 122880K, used 22528K [0x0000000080000000, 0x0000000100000000)
  region size 1024K, 23 young (23552K), 0 survivors (0K)
 Metaspace       used 1075K, committed 1216K, reserved 491520K
  class space    used 81K, committed 128K, reserved 425984K
}
Event: 1.019 GC heap after
{Heap after GC invocations=1 (full 0):
 garbage-first heap   total 122880K, used 3112K [0x0000000080000000, 0x0000000100000000)
  region size 1024K, 3 young (3072K), 3 survivors (3072K)
 Metaspace       used 1075K, committed 1216K, reserved 491520K
  class space    used 81K, committed 128K, reserved 425984K
}
Event: 2.117 GC heap before
{Heap before GC invocations=1 (full 0):
 garbage-first heap   total 122880K, used 39976K [0x0000000080000000, 0x0000000100000000)
  region size 1024K, 37 young (37888K), 3 survivors (3072K)
 Metaspace       used 4361K, committed 4544K, reserved 491520K
  class space    used 551K, committed 640K, reserved 425984K
}
Event: 2.130 GC heap after
{Heap after GC invocations=2 (full 0):
 garbage-first heap   total 122880K, used 11149K [0x0000000080000000, 0x0000000100000000)
  region size 1024K, 5 young (5120K), 5 survivors (5120K)
 Metaspace       used 4361K, committed 4544K, reserved 491520K
  class space    used 551K, committed 640K, reserved 425984K
}
Event: 3.181 GC heap before
{Heap before GC invocations=2 (full 0):
 garbage-first heap   total 122880K, used 60301K [0x0000000080000000, 0x0000000100000000)
  region size 1024K, 51 young (52224K), 5 survivors (5120K)
 Metaspace       used 5445K, committed 5696K, reserved 491520K
  class space    used 725K, committed 832K, reserved 425984K
}
Event: 3.193 GC heap after
{Heap after GC invocations=3 (full 0):
 garbage-first heap   total 122880K, used 17142K [0x0000000080000000, 0x0000000100000000)
  region size 1024K, 5 young (5120K), 5 survivors (5120K)
 Metaspace       used 5445K, committed 5696K, reserved 491520K
  class space    used 725K, committed 832K, reserved 425984K
}
Event: 5.973 GC heap before
{Heap before GC invocations=3 (full 0):
 garbage-first heap   total 122880K, used 85750K [0x0000000080000000, 0x0000000100000000)
  region size 1024K, 72 young (73728K), 5 survivors (5120K)
 Metaspace       used 18201K, committed 18752K, reserved 491520K
  class space    used 2637K, committed 2880K, reserved 425984K
}
Event: 5.985 GC heap after
{Heap after GC invocations=4 (full 0):
 garbage-first heap   total 122880K, used 23416K [0x0000000080000000, 0x0000000100000000)
  region size 1024K, 7 young (7168K), 7 survivors (7168K)
 Metaspace       used 18201K, committed 18752K, reserved 491520K
  class space    used 2637K, committed 2880K, reserved 425984K
}
Event: 6.640 GC heap before
{Heap before GC invocations=4 (full 0):
 garbage-first heap   total 122880K, used 44920K [0x0000000080000000, 0x0000000100000000)
  region size 1024K, 29 young (29696K), 7 survivors (7168K)
 Metaspace       used 20833K, committed 21504K, reserved 491520K
  class space    used 3084K, committed 3392K, reserved 425984K
}
Event: 6.649 GC heap after
{Heap after GC invocations=5 (full 0):
 garbage-first heap   total 122880K, used 25407K [0x0000000080000000, 0x0000000100000000)
  region size 1024K, 3 young (3072K), 3 survivors (3072K)
 Metaspace       used 20833K, committed 21504K, reserved 491520K
  class space    used 3084K, committed 3392K, reserved 425984K
}
Event: 8.546 GC heap before
{Heap before GC invocations=6 (full 0):
 garbage-first heap   total 89088K, used 87871K [0x0000000080000000, 0x0000000100000000)
  region size 1024K, 64 young (65536K), 3 survivors (3072K)
 Metaspace       used 28732K, committed 29952K, reserved 491520K
  class space    used 4383K, committed 4992K, reserved 425984K
}
Event: 8.553 GC heap after
{Heap after GC invocations=7 (full 0):
 garbage-first heap   total 94208K, used 28338K [0x0000000080000000, 0x0000000100000000)
  region size 1024K, 5 young (5120K), 5 survivors (5120K)
 Metaspace       used 28732K, committed 29952K, reserved 491520K
  class space    used 4383K, committed 4992K, reserved 425984K
}
Event: 10.115 GC heap before
{Heap before GC invocations=7 (full 0):
 garbage-first heap   total 94208K, used 72370K [0x0000000080000000, 0x0000000100000000)
  region size 1024K, 50 young (51200K), 5 survivors (5120K)
 Metaspace       used 34835K, committed 36096K, reserved 491520K
  class space    used 5060K, committed 5696K, reserved 425984K
}
Event: 10.125 GC heap after
{Heap after GC invocations=8 (full 0):
 garbage-first heap   total 94208K, used 32768K [0x0000000080000000, 0x0000000100000000)
  region size 1024K, 7 young (7168K), 7 survivors (7168K)
 Metaspace       used 34835K, committed 36096K, reserved 491520K
  class space    used 5060K, committed 5696K, reserved 425984K
}
Event: 10.284 GC heap before
{Heap before GC invocations=8 (full 0):
 garbage-first heap   total 94208K, used 35840K [0x0000000080000000, 0x0000000100000000)
  region size 1024K, 11 young (11264K), 7 survivors (7168K)
 Metaspace       used 35137K, committed 36416K, reserved 491520K
  class space    used 5104K, committed 5760K, reserved 425984K
}
Event: 10.292 GC heap after
{Heap after GC invocations=9 (full 0):
 garbage-first heap   total 94208K, used 34244K [0x0000000080000000, 0x0000000100000000)
  region size 1024K, 2 young (2048K), 2 survivors (2048K)
 Metaspace       used 35137K, committed 36416K, reserved 491520K
  class space    used 5104K, committed 5760K, reserved 425984K
}
Event: 11.570 GC heap before
{Heap before GC invocations=10 (full 0):
 garbage-first heap   total 94208K, used 76228K [0x0000000080000000, 0x0000000100000000)
  region size 1024K, 43 young (44032K), 2 survivors (2048K)
 Metaspace       used 37441K, committed 38912K, reserved 491520K
  class space    used 5506K, committed 6208K, reserved 425984K
}
Event: 11.574 GC heap after
{Heap after GC invocations=11 (full 0):
 garbage-first heap   total 113664K, used 36076K [0x0000000080000000, 0x0000000100000000)
  region size 1024K, 3 young (3072K), 3 survivors (3072K)
 Metaspace       used 37441K, committed 38912K, reserved 491520K
  class space    used 5506K, committed 6208K, reserved 425984K
}
Event: 14.386 GC heap before
{Heap before GC invocations=11 (full 0):
 garbage-first heap   total 113664K, used 96492K [0x0000000080000000, 0x0000000100000000)
  region size 1024K, 60 young (61440K), 3 survivors (3072K)
 Metaspace       used 45370K, committed 46976K, reserved 491520K
  class space    used 6595K, committed 7360K, reserved 425984K
}
Event: 14.392 GC heap after
{Heap after GC invocations=12 (full 0):
 garbage-first heap   total 113664K, used 38081K [0x0000000080000000, 0x0000000100000000)
  region size 1024K, 6 young (6144K), 6 survivors (6144K)
 Metaspace       used 45370K, committed 46976K, reserved 491520K
  class space    used 6595K, committed 7360K, reserved 425984K
}

