# JRE version: OpenJDK Runtime Environment Temurin-21.0.10+7 (21.0.10+7) (build 21.0.10+7-LTS)
# Java VM: OpenJDK 64-Bit Server VM Temurin-21.0.10+7 (21.0.10+7-LTS, mixed mode, sharing, tiered, compressed oops, compressed class ptrs, g1 gc, windows-amd64)
GC Precious Log:
 CardTable entry size: 512
 Card Set container configuration: InlinePtr #cards 5 size 8 Array Of Cards #cards 12 size 40 Howl #buckets 4 coarsen threshold 1843 Howl Bitmap #cards 512 size 80 coarsen threshold 460 Card regions per heap region 1 cards per card region 2048
 CPUs: 12 total, 12 available
 Memory: 7581M
 Large Page Support: Disabled
 NUMA Support: Disabled
 Compressed Oops: Enabled (32-bit)
 Heap Region Size: 1M
 Heap Min Capacity: 8M
 Heap Initial Capacity: 120M
 Heap Max Capacity: 2G
 Pre-touch: Disabled
 Parallel Workers: 10
 Concurrent Workers: 3
 Concurrent Refinement Workers: 10
 Periodic GC: Disabled
Heap:
 garbage-first heap   total 95232K, used 38635K [0x0000000080000000, 0x0000000100000000)
  region size 1024K, 9 young (9216K), 5 survivors (5120K)
 Metaspace       used 38273K, committed 39744K, reserved 1114112K
  class space    used 5643K, committed 6336K, reserved 1048576K
GC Heap History (18 events):
Event: 1.306 GC heap before
{Heap before GC invocations=0 (full 0):
 garbage-first heap   total 122880K, used 22528K [0x0000000080000000, 0x0000000100000000)
  region size 1024K, 23 young (23552K), 0 survivors (0K)
 Metaspace       used 1080K, committed 1216K, reserved 1114112K
  class space    used 81K, committed 128K, reserved 1048576K
}
Event: 1.318 GC heap after
{Heap after GC invocations=1 (full 0):
 garbage-first heap   total 122880K, used 3392K [0x0000000080000000, 0x0000000100000000)
  region size 1024K, 3 young (3072K), 3 survivors (3072K)
 Metaspace       used 1080K, committed 1216K, reserved 1114112K
  class space    used 81K, committed 128K, reserved 1048576K
}
Event: 3.527 GC heap before
{Heap before GC invocations=1 (full 0):
 garbage-first heap   total 122880K, used 39232K [0x0000000080000000, 0x0000000100000000)
  region size 1024K, 36 young (36864K), 3 survivors (3072K)
 Metaspace       used 4377K, committed 4544K, reserved 1114112K
  class space    used 553K, committed 640K, reserved 1048576K
}
Event: 3.543 GC heap after
{Heap after GC invocations=2 (full 0):
 garbage-first heap   total 122880K, used 11335K [0x0000000080000000, 0x0000000100000000)
  region size 1024K, 5 young (5120K), 5 survivors (5120K)
 Metaspace       used 4377K, committed 4544K, reserved 1114112K
  class space    used 553K, committed 640K, reserved 1048576K
}
Event: 5.847 GC heap before
{Heap before GC invocations=2 (full 0):
 garbage-first heap   total 122880K, used 57415K [0x0000000080000000, 0x0000000100000000)
  region size 1024K, 48 young (49152K), 5 survivors (5120K)
 Metaspace       used 4754K, committed 4928K, reserved 1114112K
  class space    used 610K, committed 704K, reserved 1048576K
}
Event: 5.862 GC heap after
{Heap after GC invocations=3 (full 0):
 garbage-first heap   total 122880K, used 16725K [0x0000000080000000, 0x0000000100000000)
  region size 1024K, 5 young (5120K), 5 survivors (5120K)
 Metaspace       used 4754K, committed 4928K, reserved 1114112K
  class space    used 610K, committed 704K, reserved 1048576K
}
Event: 14.756 GC heap before
{Heap before GC invocations=3 (full 0):
 garbage-first heap   total 122880K, used 84309K [0x0000000080000000, 0x0000000100000000)
  region size 1024K, 72 young (73728K), 5 survivors (5120K)
 Metaspace       used 17682K, committed 18176K, reserved 1114112K
  class space    used 2531K, committed 2752K, reserved 1048576K
}
Event: 14.803 GC heap after
{Heap after GC invocations=4 (full 0):
 garbage-first heap   total 122880K, used 22062K [0x0000000080000000, 0x0000000100000000)
  region size 1024K, 9 young (9216K), 9 survivors (9216K)
 Metaspace       used 17682K, committed 18176K, reserved 1114112K
  class space    used 2531K, committed 2752K, reserved 1048576K
}
Event: 16.301 GC heap before
{Heap before GC invocations=4 (full 0):
 garbage-first heap   total 122880K, used 46638K [0x0000000080000000, 0x0000000100000000)
  region size 1024K, 34 young (34816K), 9 survivors (9216K)
 Metaspace       used 20822K, committed 21504K, reserved 1114112K
  class space    used 3077K, committed 3392K, reserved 1048576K
}
Event: 16.345 GC heap after
{Heap after GC invocations=5 (full 0):
 garbage-first heap   total 122880K, used 25213K [0x0000000080000000, 0x0000000100000000)
  region size 1024K, 3 young (3072K), 3 survivors (3072K)
 Metaspace       used 20822K, committed 21504K, reserved 1114112K
  class space    used 3077K, committed 3392K, reserved 1048576K
}
Event: 20.105 GC heap before
{Heap before GC invocations=6 (full 0):
 garbage-first heap   total 89088K, used 87677K [0x0000000080000000, 0x0000000100000000)
  region size 1024K, 64 young (65536K), 3 survivors (3072K)
 Metaspace       used 28643K, committed 29888K, reserved 1114112K
  class space    used 4372K, committed 4992K, reserved 1048576K
}
Event: 20.116 GC heap after
{Heap after GC invocations=7 (full 0):
 garbage-first heap   total 95232K, used 28089K [0x0000000080000000, 0x0000000100000000)
  region size 1024K, 6 young (6144K), 6 survivors (6144K)
 Metaspace       used 28643K, committed 29888K, reserved 1114112K
  class space    used 4372K, committed 4992K, reserved 1048576K
}
Event: 21.855 GC heap before
{Heap before GC invocations=7 (full 0):
 garbage-first heap   total 95232K, used 54713K [0x0000000080000000, 0x0000000100000000)
  region size 1024K, 34 young (34816K), 6 survivors (6144K)
 Metaspace       used 34720K, committed 35968K, reserved 1114112K
  class space    used 5061K, committed 5696K, reserved 1048576K
}
Event: 21.866 GC heap after
{Heap after GC invocations=8 (full 0):
 garbage-first heap   total 95232K, used 31863K [0x0000000080000000, 0x0000000100000000)
  region size 1024K, 7 young (7168K), 7 survivors (7168K)
 Metaspace       used 34720K, committed 35968K, reserved 1114112K
  class space    used 5061K, committed 5696K, reserved 1048576K
}
Event: 22.274 GC heap before
{Heap before GC invocations=8 (full 0):
 garbage-first heap   total 95232K, used 51319K [0x0000000080000000, 0x0000000100000000)
  region size 1024K, 27 young (27648K), 7 survivors (7168K)
 Metaspace       used 35026K, committed 36288K, reserved 1114112K
  class space    used 5088K, committed 5696K, reserved 1048576K
}
Event: 22.291 GC heap after
{Heap after GC invocations=9 (full 0):
 garbage-first heap   total 95232K, used 33327K [0x0000000080000000, 0x0000000100000000)
  region size 1024K, 3 young (3072K), 3 survivors (3072K)
 Metaspace       used 35026K, committed 36288K, reserved 1114112K
  class space    used 5088K, committed 5696K, reserved 1048576K
}
Event: 26.621 GC heap before
{Heap before GC invocations=10 (full 0):
 garbage-first heap   total 95232K, used 79407K [0x0000000080000000, 0x0000000100000000)
  region size 1024K, 48 young (49152K), 3 survivors (3072K)
 Metaspace       used 37908K, committed 39360K, reserved 1114112K
  class space    used 5589K, committed 6272K, reserved 1048576K
}
Event: 26.632 GC heap after
{Heap after GC invocations=11 (full 0):
 garbage-first heap   total 95232K, used 35563K [0x0000000080000000, 0x0000000100000000)
  region size 1024K, 5 young (5120K), 5 survivors (5120K)
 Metaspace       used 37908K, committed 39360K, reserved 1114112K
  class space    used 5589K, committed 6272K, reserved 1048576K
}

