# JRE version: OpenJDK Runtime Environment (21.0.6) (build 21.0.6+-13391695-b895.109)
# Java VM: OpenJDK 64-Bit Server VM (21.0.6+-13391695-b895.109, mixed mode, tiered, compressed oops, compressed class ptrs, g1 gc, windows-amd64)
GC Precious Log:
 CardTable entry size: 512
 Card Set container configuration: InlinePtr #cards 5 size 8 Array Of Cards #cards 12 size 40 Howl #buckets 4 coarsen threshold 1843 Howl Bitmap #cards 512 size 80 coarsen threshold 460 Card regions per heap region 1 cards per card region 2048
 CPUs: 12 total, 12 available
 Memory: 7581M
 Large Page Support: Disabled
 NUMA Support: Disabled
 Compressed Oops: Enabled (32-bit)
 Heap Region Size: 1M
 Heap Min Capacity: 8M
 Heap Initial Capacity: 120M
 Heap Max Capacity: 1896M
 Pre-touch: Disabled
 Parallel Workers: 10
 Concurrent Workers: 3
 Concurrent Refinement Workers: 10
 Periodic GC: Disabled
Heap:
 garbage-first heap   total 215040K, used 130807K [0x0000000089800000, 0x0000000100000000)
  region size 1024K, 10 young (10240K), 9 survivors (9216K)
 Metaspace       used 90738K, committed 91648K, reserved 1179648K
  class space    used 9649K, committed 10048K, reserved 1048576K
GC Heap History (20 events):
Event: 23.739 GC heap before
{Heap before GC invocations=28 (full 0):
 garbage-first heap   total 130048K, used 111272K [0x0000000089800000, 0x0000000100000000)
  region size 1024K, 41 young (41984K), 5 survivors (5120K)
 Metaspace       used 54766K, committed 55552K, reserved 1114112K
  class space    used 6480K, committed 6848K, reserved 1048576K
}
Event: 23.755 GC heap after
{Heap after GC invocations=29 (full 0):
 garbage-first heap   total 130048K, used 78606K [0x0000000089800000, 0x0000000100000000)
  region size 1024K, 4 young (4096K), 4 survivors (4096K)
 Metaspace       used 54766K, committed 55552K, reserved 1114112K
  class space    used 6480K, committed 6848K, reserved 1048576K
}
Event: 23.999 GC heap before
{Heap before GC invocations=30 (full 0):
 garbage-first heap   total 132096K, used 115470K [0x0000000089800000, 0x0000000100000000)
  region size 1024K, 40 young (40960K), 4 survivors (4096K)
 Metaspace       used 54766K, committed 55552K, reserved 1114112K
  class space    used 6480K, committed 6848K, reserved 1048576K
}
Event: 24.008 GC heap after
{Heap after GC invocations=31 (full 0):
 garbage-first heap   total 132096K, used 83798K [0x0000000089800000, 0x0000000100000000)
  region size 1024K, 5 young (5120K), 5 survivors (5120K)
 Metaspace       used 54766K, committed 55552K, reserved 1114112K
  class space    used 6480K, committed 6848K, reserved 1048576K
}
Event: 25.127 GC heap before
{Heap before GC invocations=31 (full 0):
 garbage-first heap   total 132096K, used 120662K [0x0000000089800000, 0x0000000100000000)
  region size 1024K, 39 young (39936K), 5 survivors (5120K)
 Metaspace       used 56225K, committed 57024K, reserved 1114112K
  class space    used 6656K, committed 7040K, reserved 1048576K
}
Event: 25.148 GC heap after
{Heap after GC invocations=32 (full 0):
 garbage-first heap   total 133120K, used 90476K [0x0000000089800000, 0x0000000100000000)
  region size 1024K, 5 young (5120K), 5 survivors (5120K)
 Metaspace       used 56225K, committed 57024K, reserved 1114112K
  class space    used 6656K, committed 7040K, reserved 1048576K
}
Event: 26.739 GC heap before
{Heap before GC invocations=32 (full 0):
 garbage-first heap   total 133120K, used 120172K [0x0000000089800000, 0x0000000100000000)
  region size 1024K, 34 young (34816K), 5 survivors (5120K)
 Metaspace       used 59515K, committed 60288K, reserved 1114112K
  class space    used 6964K, committed 7360K, reserved 1048576K
}
Event: 26.759 GC heap after
{Heap after GC invocations=33 (full 0):
 garbage-first heap   total 133120K, used 95590K [0x0000000089800000, 0x0000000100000000)
  region size 1024K, 5 young (5120K), 5 survivors (5120K)
 Metaspace       used 59515K, committed 60288K, reserved 1114112K
  class space    used 6964K, committed 7360K, reserved 1048576K
}
Event: 28.185 GC heap before
{Heap before GC invocations=34 (full 0):
 garbage-first heap   total 160768K, used 118118K [0x0000000089800000, 0x0000000100000000)
  region size 1024K, 27 young (27648K), 5 survivors (5120K)
 Metaspace       used 62008K, committed 62848K, reserved 1114112K
  class space    used 7187K, committed 7616K, reserved 1048576K
}
Event: 28.201 GC heap after
{Heap after GC invocations=35 (full 0):
 garbage-first heap   total 160768K, used 99346K [0x0000000089800000, 0x0000000100000000)
  region size 1024K, 4 young (4096K), 4 survivors (4096K)
 Metaspace       used 62008K, committed 62848K, reserved 1114112K
  class space    used 7187K, committed 7616K, reserved 1048576K
}
Event: 29.527 GC heap before
{Heap before GC invocations=35 (full 0):
 garbage-first heap   total 160768K, used 141330K [0x0000000089800000, 0x0000000100000000)
  region size 1024K, 46 young (47104K), 4 survivors (4096K)
 Metaspace       used 63410K, committed 64320K, reserved 1114112K
  class space    used 7235K, committed 7680K, reserved 1048576K
}
Event: 29.550 GC heap after
{Heap after GC invocations=36 (full 0):
 garbage-first heap   total 160768K, used 105602K [0x0000000089800000, 0x0000000100000000)
  region size 1024K, 6 young (6144K), 6 survivors (6144K)
 Metaspace       used 63410K, committed 64320K, reserved 1114112K
  class space    used 7235K, committed 7680K, reserved 1048576K
}
Event: 30.834 GC heap before
{Heap before GC invocations=36 (full 0):
 garbage-first heap   total 160768K, used 143490K [0x0000000089800000, 0x0000000100000000)
  region size 1024K, 43 young (44032K), 6 survivors (6144K)
 Metaspace       used 65212K, committed 66112K, reserved 1114112K
  class space    used 7358K, committed 7808K, reserved 1048576K
}
Event: 30.851 GC heap after
{Heap after GC invocations=37 (full 0):
 garbage-first heap   total 210944K, used 110438K [0x0000000089800000, 0x0000000100000000)
  region size 1024K, 6 young (6144K), 6 survivors (6144K)
 Metaspace       used 65212K, committed 66112K, reserved 1114112K
  class space    used 7358K, committed 7808K, reserved 1048576K
}
Event: 33.098 GC heap before
{Heap before GC invocations=38 (full 0):
 garbage-first heap   total 210944K, used 180070K [0x0000000089800000, 0x0000000100000000)
  region size 1024K, 74 young (75776K), 6 survivors (6144K)
 Metaspace       used 76398K, committed 77312K, reserved 1179648K
  class space    used 8358K, committed 8832K, reserved 1048576K
}
Event: 33.119 GC heap after
{Heap after GC invocations=39 (full 0):
 garbage-first heap   total 210944K, used 118181K [0x0000000089800000, 0x0000000100000000)
  region size 1024K, 8 young (8192K), 8 survivors (8192K)
 Metaspace       used 76398K, committed 77312K, reserved 1179648K
  class space    used 8358K, committed 8832K, reserved 1048576K
}
Event: 35.013 GC heap before
{Heap before GC invocations=39 (full 0):
 garbage-first heap   total 210944K, used 181669K [0x0000000089800000, 0x0000000100000000)
  region size 1024K, 70 young (71680K), 8 survivors (8192K)
 Metaspace       used 81831K, committed 82688K, reserved 1179648K
  class space    used 8770K, committed 9152K, reserved 1048576K
}
Event: 35.032 GC heap after
{Heap after GC invocations=40 (full 0):
 garbage-first heap   total 210944K, used 122038K [0x0000000089800000, 0x0000000100000000)
  region size 1024K, 6 young (6144K), 6 survivors (6144K)
 Metaspace       used 81831K, committed 82688K, reserved 1179648K
  class space    used 8770K, committed 9152K, reserved 1048576K
}
Event: 36.393 GC heap before
{Heap before GC invocations=40 (full 0):
 garbage-first heap   total 210944K, used 158902K [0x0000000089800000, 0x0000000100000000)
  region size 1024K, 43 young (44032K), 6 survivors (6144K)
 Metaspace       used 85275K, committed 86208K, reserved 1179648K
  class space    used 9059K, committed 9536K, reserved 1048576K
}
Event: 36.407 GC heap after
{Heap after GC invocations=41 (full 0):
 garbage-first heap   total 210944K, used 126199K [0x0000000089800000, 0x0000000100000000)
  region size 1024K, 4 young (4096K), 4 survivors (4096K)
 Metaspace       used 85275K, committed 86208K, reserved 1179648K
  class space    used 9059K, committed 9536K, reserved 1048576K
}

